2025-09-20 05:22:29,049 Writer pipeline started
2025-09-20 05:22:29,049 Ingest: Received data of length 47
2025-09-20 05:22:29,049 Chunked into 3 chunks
2025-09-20 05:22:29,049 ECC encode: Simulated LDPC + RS encoding
2025-09-20 05:22:29,049 Symbol mapping: Mapped chunks to (θ, δ) symbols
2025-09-20 05:22:29,049 3D path planning: Planned voxel paths
2025-09-20 05:22:29,049 Laser control: Simulated femtosecond laser writing
2025-09-20 05:22:29,049 Inline verify: Simulated verification passed
2025-09-20 05:22:29,049 Catalog & sign: Entry created and signed
2025-09-20 05:22:29,050 Writer pipeline completed
2025-09-20 05:22:29,050 Reader pipeline started
2025-09-20 05:22:29,050 Scan/acquire: Simulated sensor data of length 47
2025-09-20 05:22:29,050 Voxel reconstruction: Extracted (θ, δ) parameters
2025-09-20 05:22:29,050 Demodulate: Converted symbols to digital data
2025-09-20 05:22:29,050 ECC decode: Simulated error correction
2025-09-20 05:22:29,050 Verify: Hashes and signatures validated
2025-09-20 05:22:29,050 Export & mount: Data exported and mounted
2025-09-20 05:22:29,050 Reader pipeline completed
2025-09-20 05:22:29,050 Simulation complete.
2025-09-20 05:30:18,605 Writer pipeline started
2025-09-20 05:30:18,607 Ingest: Received data of length 47
2025-09-20 05:30:18,607 Chunked into 3 chunks
2025-09-20 05:30:18,607 ECC encode: Simulated LDPC + RS encoding
2025-09-20 05:30:18,608 Symbol mapping: Mapped chunks to (θ, δ) symbols
2025-09-20 05:30:18,608 3D path planning: Planned voxel paths
2025-09-20 05:30:18,608 Laser control: Simulated femtosecond laser writing
2025-09-20 05:30:18,608 Inline verify: Simulated verification passed
2025-09-20 05:30:18,608 Catalog & sign: Entry created and signed
2025-09-20 05:30:18,608 Writer pipeline completed
2025-09-20 05:30:18,608 Reader pipeline started
2025-09-20 05:30:18,608 Scan/acquire: Simulated sensor data of length 47
2025-09-20 05:30:18,608 Voxel reconstruction: Extracted (θ, δ) parameters
2025-09-20 05:30:18,608 Demodulate: Converted symbols to digital data
2025-09-20 05:30:18,608 ECC decode: Simulated error correction
2025-09-20 05:30:18,608 Verify: Hashes and signatures validated
2025-09-20 05:30:18,609 Export & mount: Data exported and mounted
2025-09-20 05:30:18,609 Reader pipeline completed
2025-09-20 05:30:18,609 Simulation complete.
2025-09-20 05:31:14,662 Writer pipeline started
2025-09-20 05:31:14,662 Ingest: Received data of length 47
2025-09-20 05:31:14,663 Chunked into 3 chunks
2025-09-20 05:31:14,663 ECC encode: Simulated LDPC + RS encoding
2025-09-20 05:31:14,663 Symbol mapping: Mapped chunks to (θ, δ) symbols
2025-09-20 05:31:14,664 3D path planning: Planned voxel paths
2025-09-20 05:31:14,664 Laser control: Simulated femtosecond laser writing
2025-09-20 05:31:14,664 Inline verify: Simulated verification passed
2025-09-20 05:31:14,664 Catalog & sign: Entry created and signed
2025-09-20 05:31:14,664 Writer pipeline completed
2025-09-20 05:31:14,665 Reader pipeline started
2025-09-20 05:31:14,665 Scan/acquire: Simulated sensor data of length 47
2025-09-20 05:31:14,665 Voxel reconstruction: Extracted (θ, δ) parameters
2025-09-20 05:31:14,665 Demodulate: Converted symbols to digital data
2025-09-20 05:31:14,665 ECC decode: Simulated error correction
2025-09-20 05:31:14,666 Verify: Hashes and signatures validated
2025-09-20 05:31:14,666 Export & mount: Data exported and mounted
2025-09-20 05:31:14,666 Reader pipeline completed
2025-09-20 05:31:14,666 Simulation complete.
2025-09-23 08:02:46,710 Loaded data file: sample_data.txt (157 bytes)
2025-09-23 08:02:46,714 Loaded policy: writer-high-reliability-v1
2025-09-23 08:02:46,714 Access granted for role: writer
2025-09-23 08:02:46,714 Writer pipeline started
2025-09-23 08:02:46,715 Ingest: Received data of length 157
2025-09-23 08:02:46,715 Chunked into 1 chunks of size 512
2025-09-23 08:02:46,715 ECC encode: Simulated LDPC + RS encoding
2025-09-23 08:02:46,715 Symbol mapping: Mapped chunks to (θ, δ) symbols
2025-09-23 08:02:46,715 3D path planning: Planned voxel paths
2025-09-23 08:02:46,715 Laser control: Simulated femtosecond laser writing
2025-09-23 08:02:46,715 Inline verify: SHA-256 hashes computed for chunks: ['0338992150bba252f337eca173fc001ff8aea13e863ff9a4320e367f3a2171e4']
2025-09-23 08:02:46,726 Catalog & sign: Entry signed with Ed25519 (simulated if unavailable). Signature: d0e39c690a7165a1d7ee515ddfced992871960ca5047d3c9e795e247ac41dba072274e4e2e02cc1505f63d07dd4c3d04ff9d35087b89ba1b7b54759a960fc601
2025-09-23 08:02:46,726 Writer pipeline completed
2025-09-23 08:02:46,726 Access granted for role: reader
2025-09-23 08:02:46,726 Reader pipeline started
2025-09-23 08:02:46,726 Scan/acquire: Simulated sensor data of length 157
2025-09-23 08:02:46,726 Voxel reconstruction: Extracted (θ, δ) parameters
2025-09-23 08:02:46,726 Demodulate: Converted symbols to digital data
2025-09-23 08:02:46,726 ECC decode: Simulated error correction
2025-09-23 08:02:46,726 Verify: SHA-256 hash of data: 0338992150bba252f337eca173fc001ff8aea13e863ff9a4320e367f3a2171e4
2025-09-23 08:02:46,726 Verify: Ed25519 signature (simulated if unavailable): 372573a7f6b1881c29f22af3e81b304a03db06fb8c508194327f472273799de29959aaa3058981c1983704c391258402d49a37b027a754d3d647c99c773bf408
2025-09-23 08:02:46,726 Export & mount: Data exported and mounted
2025-09-23 08:02:46,727 Reader pipeline completed
2025-09-23 08:02:46,727 Simulation complete.
2025-09-23 08:05:38,002 Loaded data file: sample_data.txt (157 bytes)
2025-09-23 08:05:38,004 Loaded policy: writer-high-reliability-v1
2025-09-23 08:05:38,004 ALLOW user=alice role=writer
2025-09-23 08:05:38,004 Access granted for role: writer
2025-09-23 08:05:38,004 ALLOW role=writer
2025-09-23 08:05:38,005 Writer pipeline started
2025-09-23 08:05:38,005 START writer_pipeline user=alice
2025-09-23 08:05:38,005 Ingest: Received data of length 157
2025-09-23 08:05:38,005 INGEST user=alice datalen=157
2025-09-23 08:05:38,005 Chunked into 1 chunks of size 512
2025-09-23 08:05:38,005 CHUNK user=alice chunks=1 size=512
2025-09-23 08:05:38,005 ECC encode: Simulated LDPC + RS encoding
2025-09-23 08:05:38,005 ECC user=alice
2025-09-23 08:05:38,005 Symbol mapping: Mapped chunks to (θ, δ) symbols
2025-09-23 08:05:38,005 SYMBOL_MAP user=alice
2025-09-23 08:05:38,005 3D path planning: Planned voxel paths
2025-09-23 08:05:38,006 PATH_PLAN user=alice
2025-09-23 08:05:38,006 Laser control: Simulated femtosecond laser writing
2025-09-23 08:05:38,006 LASER_WRITE user=alice
2025-09-23 08:05:38,006 Inline verify: SHA-256 hashes computed for chunks: ['0338992150bba252f337eca173fc001ff8aea13e863ff9a4320e367f3a2171e4']
2025-09-23 08:05:38,006 VERIFY user=alice hashes=['0338992150bba252f337eca173fc001ff8aea13e863ff9a4320e367f3a2171e4']
2025-09-23 08:05:38,014 Catalog & sign: Entry signed with Ed25519 (simulated if unavailable). Signature: b2271c3512e7e9bef1933e80afae0c68be7bfd11b3d16c156179a99c764110c1b4b7d51b06b34eed1468fb9d13a604ffc645bdf2c7d859e8e3daa145df5d7d0b
2025-09-23 08:05:38,014 CATALOG_SIGN user=alice signature=b2271c3512e7e9bef1933e80afae0c68be7bfd11b3d16c156179a99c764110c1b4b7d51b06b34eed1468fb9d13a604ffc645bdf2c7d859e8e3daa145df5d7d0b
2025-09-23 08:05:38,014 Writer pipeline completed
2025-09-23 08:05:38,014 END writer_pipeline user=alice
2025-09-23 08:05:38,014 ALLOW user=alice role=reader
2025-09-23 08:05:38,014 Access granted for role: reader
2025-09-23 08:05:38,014 ALLOW role=reader
2025-09-23 08:05:38,015 Reader pipeline started
2025-09-23 08:05:38,015 START reader_pipeline user=alice
2025-09-23 08:05:38,015 Scan/acquire: Simulated sensor data of length 157
2025-09-23 08:05:38,015 SCAN user=alice datalen=157
2025-09-23 08:05:38,015 Voxel reconstruction: Extracted (θ, δ) parameters
2025-09-23 08:05:38,015 VOXEL_RECON user=alice
2025-09-23 08:05:38,015 Demodulate: Converted symbols to digital data
2025-09-23 08:05:38,015 DEMODULATE user=alice
2025-09-23 08:05:38,015 ECC decode: Simulated error correction
2025-09-23 08:05:38,015 ECC user=alice
2025-09-23 08:05:38,015 Verify: SHA-256 hash of data: 0338992150bba252f337eca173fc001ff8aea13e863ff9a4320e367f3a2171e4
2025-09-23 08:05:38,016 Verify: Ed25519 signature (simulated if unavailable): f0198124284d621affe54350f9d657f65178ba76e60378f456b8f2f5996b9b4fa4c7fe9f3ac98af4e54997c2b49a04149beff9291acb67cc522b47b634f18208
2025-09-23 08:05:38,016 VERIFY user=alice hash=0338992150bba252f337eca173fc001ff8aea13e863ff9a4320e367f3a2171e4 signature=f0198124284d621affe54350f9d657f65178ba76e60378f456b8f2f5996b9b4fa4c7fe9f3ac98af4e54997c2b49a04149beff9291acb67cc522b47b634f18208
2025-09-23 08:05:38,016 Export & mount: Data exported and mounted
2025-09-23 08:05:38,016 EXPORT user=alice
2025-09-23 08:05:38,016 Reader pipeline completed
2025-09-23 08:05:38,016 END reader_pipeline user=alice
2025-09-23 08:05:38,016 Simulation complete.
2025-09-23 08:05:38,016 SIMULATION_COMPLETE user=alice
2025-09-23 08:08:14,952 Loaded data file: sample_data.txt (157 bytes)
2025-09-23 08:08:14,954 Loaded policy: writer-high-reliability-v1
2025-09-23 08:08:14,954 DATAFILE_HASH 0338992150bba252f337eca173fc001ff8aea13e863ff9a4320e367f3a2171e4
2025-09-23 08:08:14,954 ALLOW user=alice role=writer
2025-09-23 08:08:14,954 Access granted for role: writer
2025-09-23 08:08:14,954 ALLOW role=writer
2025-09-23 08:08:14,954 Writer pipeline started
2025-09-23 08:08:14,954 START writer_pipeline user=alice
2025-09-23 08:08:14,955 AUDITLOG_HASH e0883904b0e16d6f19e64527e203fe04feaea3f0d369198090def2b728b8a31e
2025-09-23 08:08:14,955 KEYSTORE_HASH None
2025-09-23 08:08:14,955 Ingest: Received data of length 157
2025-09-23 08:08:14,955 INGEST user=alice datalen=157
2025-09-23 08:08:14,955 Chunked into 1 chunks of size 512
2025-09-23 08:08:14,955 CHUNK user=alice chunks=1 size=512
2025-09-23 08:08:14,955 ECC encode: Simulated LDPC + RS encoding
2025-09-23 08:08:14,955 ECC user=alice
2025-09-23 08:08:14,956 Symbol mapping: Mapped chunks to (θ, δ) symbols
2025-09-23 08:08:14,956 SYMBOL_MAP user=alice
2025-09-23 08:08:14,956 3D path planning: Planned voxel paths
2025-09-23 08:08:14,956 PATH_PLAN user=alice
2025-09-23 08:08:14,956 Laser control: Simulated femtosecond laser writing
2025-09-23 08:08:14,956 LASER_WRITE user=alice
2025-09-23 08:08:14,956 Inline verify: SHA-256 hashes computed for chunks: ['0338992150bba252f337eca173fc001ff8aea13e863ff9a4320e367f3a2171e4']
2025-09-23 08:08:14,956 VERIFY user=alice hashes=['0338992150bba252f337eca173fc001ff8aea13e863ff9a4320e367f3a2171e4']
2025-09-23 08:08:14,961 Catalog & sign: Entry signed with Ed25519 (simulated if unavailable). Signature: 830bd70ab1ee191ac732580f866f27bac6ada32475642bff114f4f8826d2fc306676bedf255b74713711f1859e296be7c78aa2799170a5c0a2595a9699340306
2025-09-23 08:08:14,961 CATALOG_SIGN user=alice signature=830bd70ab1ee191ac732580f866f27bac6ada32475642bff114f4f8826d2fc306676bedf255b74713711f1859e296be7c78aa2799170a5c0a2595a9699340306
2025-09-23 08:08:14,961 Writer pipeline completed
2025-09-23 08:08:14,961 END writer_pipeline user=alice
2025-09-23 08:08:14,961 ALLOW user=alice role=reader
2025-09-23 08:08:14,961 Access granted for role: reader
2025-09-23 08:08:14,961 ALLOW role=reader
2025-09-23 08:08:14,962 Reader pipeline started
2025-09-23 08:08:14,962 START reader_pipeline user=alice
2025-09-23 08:08:14,962 AUDITLOG_HASH 37197f3a895bd575eeb417ca8cc5c900d5d44238420cd13019d745325a600e15
2025-09-23 08:08:14,962 KEYSTORE_HASH None
2025-09-23 08:08:14,962 Scan/acquire: Simulated sensor data of length 157
2025-09-23 08:08:14,962 SCAN user=alice datalen=157
2025-09-23 08:08:14,962 Voxel reconstruction: Extracted (θ, δ) parameters
2025-09-23 08:08:14,962 VOXEL_RECON user=alice
2025-09-23 08:08:14,962 Demodulate: Converted symbols to digital data
2025-09-23 08:08:14,962 DEMODULATE user=alice
2025-09-23 08:08:14,962 ECC decode: Simulated error correction
2025-09-23 08:08:14,962 ECC user=alice
2025-09-23 08:08:14,962 Verify: SHA-256 hash of data: 0338992150bba252f337eca173fc001ff8aea13e863ff9a4320e367f3a2171e4
2025-09-23 08:08:14,963 Verify: Ed25519 signature (simulated if unavailable): 5ee3989bfaa7abf68003d3e6e5b596926dc677131f893dc28cc4f5f4a49b50f737a364d19c18c44644d762d8c3d21f723051d5bfff34f9f7296cde0702ddca00
2025-09-23 08:08:14,963 VERIFY user=alice hash=0338992150bba252f337eca173fc001ff8aea13e863ff9a4320e367f3a2171e4 signature=5ee3989bfaa7abf68003d3e6e5b596926dc677131f893dc28cc4f5f4a49b50f737a364d19c18c44644d762d8c3d21f723051d5bfff34f9f7296cde0702ddca00
2025-09-23 08:08:14,963 Export & mount: Data exported and mounted
2025-09-23 08:08:14,963 EXPORT user=alice
2025-09-23 08:08:14,963 Reader pipeline completed
2025-09-23 08:08:14,963 END reader_pipeline user=alice
2025-09-23 08:08:14,963 TAMPER_DETECTED file=aionix_audit.log expected=a17bbcc9709c7f295183bb585b4bb0cc06a8706247ab6b286150d5966273e454 actual=8bd8633ce826e4510a19523e00746c9dc69bc09cb5d1d4d4720c73c3b601b02f
2025-09-23 08:08:14,963 TAMPER_ALERT user=alice
2025-09-23 08:08:14,963 Simulation complete.
2025-09-23 08:08:14,963 SIMULATION_COMPLETE user=alice
2025-09-23 08:10:38,287 Loaded data file: sample_data.txt (157 bytes)
2025-09-23 08:10:38,288 Loaded policy: writer-high-reliability-v1
2025-09-23 08:10:38,288 DATAFILE_HASH 0338992150bba252f337eca173fc001ff8aea13e863ff9a4320e367f3a2171e4
2025-09-23 08:10:38,289 ALLOW user=alice role=writer
2025-09-23 08:10:38,289 Access granted for role: writer
2025-09-23 08:10:38,289 ALLOW role=writer
2025-09-23 08:10:38,289 Writer pipeline started
2025-09-23 08:10:38,289 START writer_pipeline user=alice
2025-09-23 08:10:38,289 AUDITLOG_HASH 100108d4fc378dac6c466d8a0dbe1b2438d0467b559d870add009b8b3b4bd059
2025-09-23 08:10:38,289 KEYSTORE_HASH None
2025-09-23 08:10:38,290 Ingest: Received data of length 157
2025-09-23 08:10:38,290 INGEST user=alice datalen=157
2025-09-23 08:10:38,290 Chunked into 1 chunks of size 512
2025-09-23 08:10:38,290 CHUNK user=alice chunks=1 size=512
2025-09-23 08:10:38,290 ECC encode: Simulated LDPC + RS encoding
2025-09-23 08:10:38,290 ECC user=alice
2025-09-23 08:10:38,290 Symbol mapping: Mapped chunks to (θ, δ) symbols
2025-09-23 08:10:38,290 SYMBOL_MAP user=alice
2025-09-23 08:10:38,290 3D path planning: Planned voxel paths
2025-09-23 08:10:38,290 PATH_PLAN user=alice
2025-09-23 08:10:38,290 Laser control: Simulated femtosecond laser writing
2025-09-23 08:10:38,291 LASER_WRITE user=alice
2025-09-23 08:10:38,291 Inline verify: SHA-256 hashes computed for chunks: ['0338992150bba252f337eca173fc001ff8aea13e863ff9a4320e367f3a2171e4']
2025-09-23 08:10:38,291 VERIFY user=alice hashes=['0338992150bba252f337eca173fc001ff8aea13e863ff9a4320e367f3a2171e4']
2025-09-23 08:10:38,295 Catalog & sign: Entry signed with Ed25519 (simulated if unavailable). Signature: 85f59802083755a27b36026c140ed01718b1a01fb60bc99f7d5e5008cf33c21576aec9b87b121cef83cb40d99072421e338c2d14463d0c7365ec88f23e63b40d
2025-09-23 08:10:38,295 CATALOG_SIGN user=alice signature=85f59802083755a27b36026c140ed01718b1a01fb60bc99f7d5e5008cf33c21576aec9b87b121cef83cb40d99072421e338c2d14463d0c7365ec88f23e63b40d
2025-09-23 08:10:38,295 Writer pipeline completed
2025-09-23 08:10:38,295 END writer_pipeline user=alice
2025-09-23 08:10:38,295 ALLOW user=alice role=reader
2025-09-23 08:10:38,295 Access granted for role: reader
2025-09-23 08:10:38,295 ALLOW role=reader
2025-09-23 08:10:38,295 Reader pipeline started
2025-09-23 08:10:38,295 START reader_pipeline user=alice
2025-09-23 08:10:38,296 AUDITLOG_HASH 062ade0994e823ed65e1d723234e9fcb9a717d9cf437401c3d15eef9cc227274
2025-09-23 08:10:38,296 KEYSTORE_HASH None
2025-09-23 08:10:38,296 Scan/acquire: Simulated sensor data of length 157
2025-09-23 08:10:38,296 SCAN user=alice datalen=157
2025-09-23 08:10:38,296 Voxel reconstruction: Extracted (θ, δ) parameters
2025-09-23 08:10:38,296 VOXEL_RECON user=alice
2025-09-23 08:10:38,296 Demodulate: Converted symbols to digital data
2025-09-23 08:10:38,296 DEMODULATE user=alice
2025-09-23 08:10:38,296 ECC decode: Simulated error correction
2025-09-23 08:10:38,296 ECC user=alice
2025-09-23 08:10:38,297 Verify: SHA-256 hash of data: 0338992150bba252f337eca173fc001ff8aea13e863ff9a4320e367f3a2171e4
2025-09-23 08:10:38,297 Verify: Ed25519 signature (simulated if unavailable): e51be34ce98e0abc5604c20438e46296bd463d367457bdb8d45aaaabe4ecd21647e602db159b4ee7e3f50fcedbe75fac014fe5bf1e8d8b27ea1b927fc16a730f
2025-09-23 08:10:38,297 VERIFY user=alice hash=0338992150bba252f337eca173fc001ff8aea13e863ff9a4320e367f3a2171e4 signature=e51be34ce98e0abc5604c20438e46296bd463d367457bdb8d45aaaabe4ecd21647e602db159b4ee7e3f50fcedbe75fac014fe5bf1e8d8b27ea1b927fc16a730f
2025-09-23 08:10:38,297 Export & mount: Data exported and mounted
2025-09-23 08:10:38,297 EXPORT user=alice
2025-09-23 08:10:38,297 Reader pipeline completed
2025-09-23 08:10:38,297 END reader_pipeline user=alice
2025-09-23 08:10:38,297 Simulation complete.
2025-09-23 08:10:38,297 SIMULATION_COMPLETE user=alice
2025-09-23 08:10:38,383 Loaded data file: sample_data.txt (157 bytes)
2025-09-23 08:10:38,386 Loaded policy: writer-high-reliability-v1
2025-09-23 08:10:38,386 DATAFILE_HASH 0338992150bba252f337eca173fc001ff8aea13e863ff9a4320e367f3a2171e4
2025-09-23 08:10:38,387 ALLOW user=alice role=writer
2025-09-23 08:10:38,387 Access granted for role: writer
2025-09-23 08:10:38,387 ALLOW role=writer
2025-09-23 08:10:38,388 Writer pipeline started
2025-09-23 08:10:38,388 START writer_pipeline user=alice
2025-09-23 08:10:38,388 AUDITLOG_HASH 40a6fe0b7807111efd1d1a7ac08ce9db65b161294ac9a50aefc4acc7a6867b2d
2025-09-23 08:10:38,389 KEYSTORE_HASH None
2025-09-23 08:10:38,389 Ingest: Received data of length 157
2025-09-23 08:10:38,389 INGEST user=alice datalen=157
2025-09-23 08:10:38,390 Chunked into 1 chunks of size 512
2025-09-23 08:10:38,390 CHUNK user=alice chunks=1 size=512
2025-09-23 08:10:38,390 ECC encode: Simulated LDPC + RS encoding
2025-09-23 08:10:38,390 ECC user=alice
2025-09-23 08:10:38,391 Symbol mapping: Mapped chunks to (θ, δ) symbols
2025-09-23 08:10:38,391 SYMBOL_MAP user=alice
2025-09-23 08:10:38,391 3D path planning: Planned voxel paths
2025-09-23 08:10:38,391 PATH_PLAN user=alice
2025-09-23 08:10:38,391 Laser control: Simulated femtosecond laser writing
2025-09-23 08:10:38,391 LASER_WRITE user=alice
2025-09-23 08:10:38,391 Inline verify: SHA-256 hashes computed for chunks: ['0338992150bba252f337eca173fc001ff8aea13e863ff9a4320e367f3a2171e4']
2025-09-23 08:10:38,391 VERIFY user=alice hashes=['0338992150bba252f337eca173fc001ff8aea13e863ff9a4320e367f3a2171e4']
2025-09-23 08:10:38,401 Catalog & sign: Entry signed with Ed25519 (simulated if unavailable). Signature: 6c3be32ced4e26d0b6d2017dbf1af2560e786219b05fef1cd6bfda22c117374efdfdcb3191d9a4e276bb15eec77b04eebc2d8bf002a48ca10e8c58c0760f6f07
2025-09-23 08:10:38,401 CATALOG_SIGN user=alice signature=6c3be32ced4e26d0b6d2017dbf1af2560e786219b05fef1cd6bfda22c117374efdfdcb3191d9a4e276bb15eec77b04eebc2d8bf002a48ca10e8c58c0760f6f07
2025-09-23 08:10:38,401 Writer pipeline completed
2025-09-23 08:10:38,401 END writer_pipeline user=alice
2025-09-23 08:10:38,402 ALLOW user=alice role=reader
2025-09-23 08:10:38,402 Access granted for role: reader
2025-09-23 08:10:38,402 ALLOW role=reader
2025-09-23 08:10:38,402 Reader pipeline started
2025-09-23 08:10:38,402 START reader_pipeline user=alice
2025-09-23 08:10:38,402 AUDITLOG_HASH 379cb3c36e5611ba02ec575d481a47aaf4fc27d0ef6aa2b1448b4ab3d81d5487
2025-09-23 08:10:38,403 KEYSTORE_HASH None
2025-09-23 08:10:38,403 Scan/acquire: Simulated sensor data of length 157
2025-09-23 08:10:38,403 SCAN user=alice datalen=157
2025-09-23 08:10:38,403 Voxel reconstruction: Extracted (θ, δ) parameters
2025-09-23 08:10:38,403 VOXEL_RECON user=alice
2025-09-23 08:10:38,403 Demodulate: Converted symbols to digital data
2025-09-23 08:10:38,403 DEMODULATE user=alice
2025-09-23 08:10:38,403 ECC decode: Simulated error correction
2025-09-23 08:10:38,403 ECC user=alice
2025-09-23 08:10:38,403 Verify: SHA-256 hash of data: 0338992150bba252f337eca173fc001ff8aea13e863ff9a4320e367f3a2171e4
2025-09-23 08:10:38,403 Verify: Ed25519 signature (simulated if unavailable): 625afaf8bbf34d9ba60ee811bc548b4c82afdc832eeda2b537fa9d7b0ac3d0df779515fa7e44fe8671c33c270e728d4cb9b13cc31786fff308acb3a33a404809
2025-09-23 08:10:38,404 VERIFY user=alice hash=0338992150bba252f337eca173fc001ff8aea13e863ff9a4320e367f3a2171e4 signature=625afaf8bbf34d9ba60ee811bc548b4c82afdc832eeda2b537fa9d7b0ac3d0df779515fa7e44fe8671c33c270e728d4cb9b13cc31786fff308acb3a33a404809
2025-09-23 08:10:38,405 Export & mount: Data exported and mounted
2025-09-23 08:10:38,405 EXPORT user=alice
2025-09-23 08:10:38,405 Reader pipeline completed
2025-09-23 08:10:38,405 END reader_pipeline user=alice
2025-09-23 08:10:38,406 Simulation complete.
2025-09-23 08:10:38,406 SIMULATION_COMPLETE user=alice
2025-09-23 08:11:38,628 Loaded data file: sample_data.txt (157 bytes)
2025-09-23 08:11:38,630 Loaded policy: writer-high-reliability-v1
2025-09-23 08:11:38,630 DATAFILE_HASH 0338992150bba252f337eca173fc001ff8aea13e863ff9a4320e367f3a2171e4
2025-09-23 08:11:38,630 ALLOW user=alice role=writer
2025-09-23 08:11:38,630 Access granted for role: writer
2025-09-23 08:11:38,630 ALLOW role=writer
2025-09-23 08:11:38,630 Writer pipeline started
2025-09-23 08:11:38,630 START writer_pipeline user=alice
2025-09-23 08:11:38,630 AUDITLOG_HASH 7d8b74d88fa08e4c01b022bcd92f000e62f1b03f1e01f7fc278b6e020a774b51
2025-09-23 08:11:38,631 KEYSTORE_HASH None
2025-09-23 08:11:38,631 Ingest: Received data of length 157
2025-09-23 08:11:38,631 INGEST user=alice datalen=157
2025-09-23 08:11:38,631 Chunked into 1 chunks of size 512
2025-09-23 08:11:38,631 CHUNK user=alice chunks=1 size=512
2025-09-23 08:11:38,631 ECC encode: Simulated LDPC + RS encoding
2025-09-23 08:11:38,631 ECC user=alice
2025-09-23 08:11:38,631 Symbol mapping: Mapped chunks to (θ, δ) symbols
2025-09-23 08:11:38,631 SYMBOL_MAP user=alice
2025-09-23 08:11:38,631 3D path planning: Planned voxel paths
2025-09-23 08:11:38,631 PATH_PLAN user=alice
2025-09-23 08:11:38,632 Laser control: Simulated femtosecond laser writing
2025-09-23 08:11:38,632 LASER_WRITE user=alice
2025-09-23 08:11:38,632 Inline verify: SHA-256 hashes computed for chunks: ['0338992150bba252f337eca173fc001ff8aea13e863ff9a4320e367f3a2171e4']
2025-09-23 08:11:38,632 VERIFY user=alice hashes=['0338992150bba252f337eca173fc001ff8aea13e863ff9a4320e367f3a2171e4']
2025-09-23 08:11:38,636 Catalog & sign: Entry signed with Ed25519 (simulated if unavailable). Signature: 6cab8619710a8f4700c901ce6591041c3b9a61dacb69ffa1271875e7a9a780920d35e4968eebcf614ecbfad091eec39ff402a95853222b664eb05086d6d76106
2025-09-23 08:11:38,636 CATALOG_SIGN user=alice signature=6cab8619710a8f4700c901ce6591041c3b9a61dacb69ffa1271875e7a9a780920d35e4968eebcf614ecbfad091eec39ff402a95853222b664eb05086d6d76106
2025-09-23 08:11:38,636 Writer pipeline completed
2025-09-23 08:11:38,636 END writer_pipeline user=alice
2025-09-23 08:11:38,636 ALLOW user=alice role=reader
2025-09-23 08:11:38,636 Access granted for role: reader
2025-09-23 08:11:38,636 ALLOW role=reader
2025-09-23 08:11:38,636 Reader pipeline started
2025-09-23 08:11:38,636 START reader_pipeline user=alice
2025-09-23 08:11:38,636 AUDITLOG_HASH 6d83abd01788bc0a6f1a5430172912bf918855510343a03bbc3b36e0a2bdbdf7
2025-09-23 08:11:38,637 KEYSTORE_HASH None
2025-09-23 08:11:38,637 Scan/acquire: Simulated sensor data of length 157
2025-09-23 08:11:38,637 SCAN user=alice datalen=157
2025-09-23 08:11:38,637 Voxel reconstruction: Extracted (θ, δ) parameters
2025-09-23 08:11:38,637 VOXEL_RECON user=alice
2025-09-23 08:11:38,637 Demodulate: Converted symbols to digital data
2025-09-23 08:11:38,637 DEMODULATE user=alice
2025-09-23 08:11:38,637 ECC decode: Simulated error correction
2025-09-23 08:11:38,637 ECC user=alice
2025-09-23 08:11:38,637 Verify: SHA-256 hash of data: 0338992150bba252f337eca173fc001ff8aea13e863ff9a4320e367f3a2171e4
2025-09-23 08:11:38,637 Verify: Ed25519 signature (simulated if unavailable): 2b1f6298a2764868b2d39d5c72e357fd5bf079bb96ccc4c9144bfac998a93cdabc590031da09da90e989f72530b443fee0d4e1c5b6bae9dd5d1bfa0bdf0c4602
2025-09-23 08:11:38,638 VERIFY user=alice hash=0338992150bba252f337eca173fc001ff8aea13e863ff9a4320e367f3a2171e4 signature=2b1f6298a2764868b2d39d5c72e357fd5bf079bb96ccc4c9144bfac998a93cdabc590031da09da90e989f72530b443fee0d4e1c5b6bae9dd5d1bfa0bdf0c4602
2025-09-23 08:11:38,638 Export & mount: Data exported and mounted
2025-09-23 08:11:38,638 EXPORT user=alice
2025-09-23 08:11:38,638 Reader pipeline completed
2025-09-23 08:11:38,638 END reader_pipeline user=alice
2025-09-23 08:11:38,638 Simulation complete.
2025-09-23 08:11:38,638 SIMULATION_COMPLETE user=alice
2025-09-23 08:11:38,726 Loaded data file: sample_data.txt (157 bytes)
2025-09-23 08:11:38,727 Loaded policy: writer-high-reliability-v1
2025-09-23 08:11:38,727 DATAFILE_HASH 0338992150bba252f337eca173fc001ff8aea13e863ff9a4320e367f3a2171e4
2025-09-23 08:11:38,727 ALLOW user=alice role=writer
2025-09-23 08:11:38,728 Access granted for role: writer
2025-09-23 08:11:38,728 ALLOW role=writer
2025-09-23 08:11:38,728 Writer pipeline started
2025-09-23 08:11:38,728 START writer_pipeline user=alice
2025-09-23 08:11:38,728 AUDITLOG_HASH 51cd662d161c56a71fe751d7dc995cdeae8f89dc33c71253ed79320cd06c1466
2025-09-23 08:11:38,728 KEYSTORE_HASH None
2025-09-23 08:11:38,728 Ingest: Received data of length 157
2025-09-23 08:11:38,728 INGEST user=alice datalen=157
2025-09-23 08:11:38,728 Chunked into 1 chunks of size 512
2025-09-23 08:11:38,728 CHUNK user=alice chunks=1 size=512
2025-09-23 08:11:38,728 ECC encode: Simulated LDPC + RS encoding
2025-09-23 08:11:38,728 ECC user=alice
2025-09-23 08:11:38,729 Symbol mapping: Mapped chunks to (θ, δ) symbols
2025-09-23 08:11:38,729 SYMBOL_MAP user=alice
2025-09-23 08:11:38,729 3D path planning: Planned voxel paths
2025-09-23 08:11:38,729 PATH_PLAN user=alice
2025-09-23 08:11:38,729 Laser control: Simulated femtosecond laser writing
2025-09-23 08:11:38,729 LASER_WRITE user=alice
2025-09-23 08:11:38,729 Inline verify: SHA-256 hashes computed for chunks: ['0338992150bba252f337eca173fc001ff8aea13e863ff9a4320e367f3a2171e4']
2025-09-23 08:11:38,729 VERIFY user=alice hashes=['0338992150bba252f337eca173fc001ff8aea13e863ff9a4320e367f3a2171e4']
2025-09-23 08:11:38,733 Catalog & sign: Entry signed with Ed25519 (simulated if unavailable). Signature: 2c704f6a9269e5c6d34e9dd1466c2379142b683f91a7a84d36df37735584b37b2f2373608d6c63fab63effbcd229817b87472c061dafe264aaa83c39d51e6c02
2025-09-23 08:11:38,733 CATALOG_SIGN user=alice signature=2c704f6a9269e5c6d34e9dd1466c2379142b683f91a7a84d36df37735584b37b2f2373608d6c63fab63effbcd229817b87472c061dafe264aaa83c39d51e6c02
2025-09-23 08:11:38,733 Writer pipeline completed
2025-09-23 08:11:38,733 END writer_pipeline user=alice
2025-09-23 08:11:38,733 ALLOW user=alice role=reader
2025-09-23 08:11:38,733 Access granted for role: reader
2025-09-23 08:11:38,733 ALLOW role=reader
2025-09-23 08:11:38,733 Reader pipeline started
2025-09-23 08:11:38,734 START reader_pipeline user=alice
2025-09-23 08:11:38,734 AUDITLOG_HASH 0c790c905655dc29a7ada92319925ca5559bc440a01568e8cf1c8871e78ab5ac
2025-09-23 08:11:38,734 KEYSTORE_HASH None
2025-09-23 08:11:38,734 Scan/acquire: Simulated sensor data of length 157
2025-09-23 08:11:38,734 SCAN user=alice datalen=157
2025-09-23 08:11:38,734 Voxel reconstruction: Extracted (θ, δ) parameters
2025-09-23 08:11:38,734 VOXEL_RECON user=alice
2025-09-23 08:11:38,734 Demodulate: Converted symbols to digital data
2025-09-23 08:11:38,734 DEMODULATE user=alice
2025-09-23 08:11:38,734 ECC decode: Simulated error correction
2025-09-23 08:11:38,734 ECC user=alice
2025-09-23 08:11:38,734 Verify: SHA-256 hash of data: 0338992150bba252f337eca173fc001ff8aea13e863ff9a4320e367f3a2171e4
2025-09-23 08:11:38,735 Verify: Ed25519 signature (simulated if unavailable): 9212394daf2fe490af773c1e14b665fc9b8e8d66dd771dfb7ad4e02aa61b46975cd3ada7598857e290da5821322466b414e6f62c7244e2cefcd179b6aa7d6c0c
2025-09-23 08:11:38,735 VERIFY user=alice hash=0338992150bba252f337eca173fc001ff8aea13e863ff9a4320e367f3a2171e4 signature=9212394daf2fe490af773c1e14b665fc9b8e8d66dd771dfb7ad4e02aa61b46975cd3ada7598857e290da5821322466b414e6f62c7244e2cefcd179b6aa7d6c0c
2025-09-23 08:11:38,735 Export & mount: Data exported and mounted
2025-09-23 08:11:38,735 EXPORT user=alice
2025-09-23 08:11:38,735 Reader pipeline completed
2025-09-23 08:11:38,735 END reader_pipeline user=alice
2025-09-23 08:11:38,735 Simulation complete.
2025-09-23 08:11:38,735 SIMULATION_COMPLETE user=alice
2025-09-23 08:11:38,841 Loaded data file: sample_data.txt (157 bytes)
2025-09-23 08:11:38,842 Loaded policy: writer-high-reliability-v1
2025-09-23 08:11:38,842 DATAFILE_HASH 0338992150bba252f337eca173fc001ff8aea13e863ff9a4320e367f3a2171e4
2025-09-23 08:11:38,842 ALLOW user=alice role=writer
2025-09-23 08:11:38,843 Access granted for role: writer
2025-09-23 08:11:38,843 ALLOW role=writer
2025-09-23 08:11:38,843 Writer pipeline started
2025-09-23 08:11:38,843 START writer_pipeline user=alice
2025-09-23 08:11:38,843 AUDITLOG_HASH c6f9793aba8115275f88d613056c398bf815d1ccaf3613666121a00d8f34d4d8
2025-09-23 08:11:38,843 KEYSTORE_HASH None
2025-09-23 08:11:38,843 Ingest: Received data of length 157
2025-09-23 08:11:38,843 INGEST user=alice datalen=157
2025-09-23 08:11:38,843 Chunked into 1 chunks of size 512
2025-09-23 08:11:38,843 CHUNK user=alice chunks=1 size=512
2025-09-23 08:11:38,844 ECC encode: Simulated LDPC + RS encoding
2025-09-23 08:11:38,844 ECC user=alice
2025-09-23 08:11:38,844 Symbol mapping: Mapped chunks to (θ, δ) symbols
2025-09-23 08:11:38,844 SYMBOL_MAP user=alice
2025-09-23 08:11:38,844 3D path planning: Planned voxel paths
2025-09-23 08:11:38,844 PATH_PLAN user=alice
2025-09-23 08:11:38,844 Laser control: Simulated femtosecond laser writing
2025-09-23 08:11:38,844 LASER_WRITE user=alice
2025-09-23 08:11:38,844 Inline verify: SHA-256 hashes computed for chunks: ['0338992150bba252f337eca173fc001ff8aea13e863ff9a4320e367f3a2171e4']
2025-09-23 08:11:38,844 VERIFY user=alice hashes=['0338992150bba252f337eca173fc001ff8aea13e863ff9a4320e367f3a2171e4']
2025-09-23 08:11:38,848 Catalog & sign: Entry signed with Ed25519 (simulated if unavailable). Signature: d7062466a12839c8c0e99593c648a52fb90967d645b80942c38d535ce62a1d3a6757b868328f32d693f6a9f632b5a2fa6c3a0f1f0f157400f5707bda2458bb03
2025-09-23 08:11:38,848 CATALOG_SIGN user=alice signature=d7062466a12839c8c0e99593c648a52fb90967d645b80942c38d535ce62a1d3a6757b868328f32d693f6a9f632b5a2fa6c3a0f1f0f157400f5707bda2458bb03
2025-09-23 08:11:38,848 Writer pipeline completed
2025-09-23 08:11:38,848 END writer_pipeline user=alice
2025-09-23 08:11:38,848 ALLOW user=alice role=reader
2025-09-23 08:11:38,849 Access granted for role: reader
2025-09-23 08:11:38,849 ALLOW role=reader
2025-09-23 08:11:38,849 Reader pipeline started
2025-09-23 08:11:38,849 START reader_pipeline user=alice
2025-09-23 08:11:38,849 AUDITLOG_HASH 67ddbdf85de54f40ba19ce8f41c5492d29ad4cf29f295b343a5f2d4ceb45d838
2025-09-23 08:11:38,849 KEYSTORE_HASH None
2025-09-23 08:11:38,849 Scan/acquire: Simulated sensor data of length 157
2025-09-23 08:11:38,849 SCAN user=alice datalen=157
2025-09-23 08:11:38,849 Voxel reconstruction: Extracted (θ, δ) parameters
2025-09-23 08:11:38,849 VOXEL_RECON user=alice
2025-09-23 08:11:38,849 Demodulate: Converted symbols to digital data
2025-09-23 08:11:38,850 DEMODULATE user=alice
2025-09-23 08:11:38,850 ECC decode: Simulated error correction
2025-09-23 08:11:38,850 ECC user=alice
2025-09-23 08:11:38,850 Verify: SHA-256 hash of data: 0338992150bba252f337eca173fc001ff8aea13e863ff9a4320e367f3a2171e4
2025-09-23 08:11:38,850 Verify: Ed25519 signature (simulated if unavailable): e77f757ff62c2f2853fbc78f626b7281ef23558c3e33094e3027f8e1c805842a1dc939953e79212752cf7bf85977059d4a9d8c5e529635e51e9d1445e93e2204
2025-09-23 08:11:38,850 VERIFY user=alice hash=0338992150bba252f337eca173fc001ff8aea13e863ff9a4320e367f3a2171e4 signature=e77f757ff62c2f2853fbc78f626b7281ef23558c3e33094e3027f8e1c805842a1dc939953e79212752cf7bf85977059d4a9d8c5e529635e51e9d1445e93e2204
2025-09-23 08:11:38,850 Export & mount: Data exported and mounted
2025-09-23 08:11:38,850 EXPORT user=alice
2025-09-23 08:11:38,850 Reader pipeline completed
2025-09-23 08:11:38,850 END reader_pipeline user=alice
2025-09-23 08:11:38,851 Simulation complete.
2025-09-23 08:11:38,851 SIMULATION_COMPLETE user=alice
2025-09-23 08:11:38,954 Loaded data file: sample_data.txt (157 bytes)
2025-09-23 08:11:38,957 Loaded policy: writer-high-reliability-v1
2025-09-23 08:11:38,957 DATAFILE_HASH 0338992150bba252f337eca173fc001ff8aea13e863ff9a4320e367f3a2171e4
2025-09-23 08:11:38,958 ALLOW user=alice role=writer
2025-09-23 08:11:38,958 Access granted for role: writer
2025-09-23 08:11:38,958 ALLOW role=writer
2025-09-23 08:11:38,958 Writer pipeline started
2025-09-23 08:11:38,958 START writer_pipeline user=alice
2025-09-23 08:11:38,958 AUDITLOG_HASH ba3b1f66f41e79888b4963e983e03ca15c4f821abcabdffe3864412b7c7465a4
2025-09-23 08:11:38,959 KEYSTORE_HASH a1d56a72b1585cc1416e02ad4f3689bcc4142e1581ed71c0b4ecb9bd019dad5c
2025-09-23 08:11:38,959 Ingest: Received data of length 157
2025-09-23 08:11:38,959 INGEST user=alice datalen=157
2025-09-23 08:11:38,959 Chunked into 1 chunks of size 512
2025-09-23 08:11:38,959 CHUNK user=alice chunks=1 size=512
2025-09-23 08:11:38,959 ECC encode: Simulated LDPC + RS encoding
2025-09-23 08:11:38,959 ECC user=alice
2025-09-23 08:11:38,959 Symbol mapping: Mapped chunks to (θ, δ) symbols
2025-09-23 08:11:38,959 SYMBOL_MAP user=alice
2025-09-23 08:11:38,960 3D path planning: Planned voxel paths
2025-09-23 08:11:38,960 PATH_PLAN user=alice
2025-09-23 08:11:38,960 Laser control: Simulated femtosecond laser writing
2025-09-23 08:11:38,960 LASER_WRITE user=alice
2025-09-23 08:11:38,960 Inline verify: SHA-256 hashes computed for chunks: ['0338992150bba252f337eca173fc001ff8aea13e863ff9a4320e367f3a2171e4']
2025-09-23 08:11:38,960 VERIFY user=alice hashes=['0338992150bba252f337eca173fc001ff8aea13e863ff9a4320e367f3a2171e4']
2025-09-23 08:11:38,964 Catalog & sign: Entry signed with Ed25519 (simulated if unavailable). Signature: 359f8cf8e3d6a1c5d8a824cc6a1225a88f73a8bfab98c41908c406b8ae8496b501348b1826a5d8a71cf941d95c273f6f9ad690c506c792200a7b8f782bc4ea01
2025-09-23 08:11:38,964 CATALOG_SIGN user=alice signature=359f8cf8e3d6a1c5d8a824cc6a1225a88f73a8bfab98c41908c406b8ae8496b501348b1826a5d8a71cf941d95c273f6f9ad690c506c792200a7b8f782bc4ea01
2025-09-23 08:11:38,964 Writer pipeline completed
2025-09-23 08:11:38,965 END writer_pipeline user=alice
2025-09-23 08:11:38,965 ALLOW user=alice role=reader
2025-09-23 08:11:38,965 Access granted for role: reader
2025-09-23 08:11:38,965 ALLOW role=reader
2025-09-23 08:11:38,965 Reader pipeline started
2025-09-23 08:11:38,965 START reader_pipeline user=alice
2025-09-23 08:11:38,965 AUDITLOG_HASH 2ec3e5d19d2acf5bfa8e5f7ea64f4064e567a8b2ae66e68050dd5905ec78d03d
2025-09-23 08:11:38,965 KEYSTORE_HASH a1d56a72b1585cc1416e02ad4f3689bcc4142e1581ed71c0b4ecb9bd019dad5c
2025-09-23 08:11:38,966 Scan/acquire: Simulated sensor data of length 157
2025-09-23 08:11:38,966 SCAN user=alice datalen=157
2025-09-23 08:11:38,966 Voxel reconstruction: Extracted (θ, δ) parameters
2025-09-23 08:11:38,966 VOXEL_RECON user=alice
2025-09-23 08:11:38,966 Demodulate: Converted symbols to digital data
2025-09-23 08:11:38,966 DEMODULATE user=alice
2025-09-23 08:11:38,966 ECC decode: Simulated error correction
2025-09-23 08:11:38,966 ECC user=alice
2025-09-23 08:11:38,966 Verify: SHA-256 hash of data: 0338992150bba252f337eca173fc001ff8aea13e863ff9a4320e367f3a2171e4
2025-09-23 08:11:38,967 Verify: Ed25519 signature (simulated if unavailable): 406e1ec095bdf1fcc7e4f4642c6b1c4bf8bd7f46d868b45b1d754ec3957a62d6456f7b7c7bb94af676ac4fe5863fa48ac7c2f77e81c99fbe179d465528b3090d
2025-09-23 08:11:38,967 VERIFY user=alice hash=0338992150bba252f337eca173fc001ff8aea13e863ff9a4320e367f3a2171e4 signature=406e1ec095bdf1fcc7e4f4642c6b1c4bf8bd7f46d868b45b1d754ec3957a62d6456f7b7c7bb94af676ac4fe5863fa48ac7c2f77e81c99fbe179d465528b3090d
2025-09-23 08:11:38,967 Export & mount: Data exported and mounted
2025-09-23 08:11:38,967 EXPORT user=alice
2025-09-23 08:11:38,967 Reader pipeline completed
2025-09-23 08:11:38,967 END reader_pipeline user=alice
2025-09-23 08:11:38,968 Simulation complete.
2025-09-23 08:11:38,968 SIMULATION_COMPLETE user=alice
2025-09-23 08:11:39,058 Loaded data file: sample_data.txt (175 bytes)
2025-09-23 08:11:39,059 Loaded policy: writer-high-reliability-v1
2025-09-23 08:11:39,059 DATAFILE_HASH 298dfd85df8835ac8023b17e5e18a85a3ed7c412f78ba004b44e434057b101d9
2025-09-23 08:11:39,060 ALLOW user=alice role=writer
2025-09-23 08:11:39,060 Access granted for role: writer
2025-09-23 08:11:39,060 ALLOW role=writer
2025-09-23 08:11:39,060 Writer pipeline started
2025-09-23 08:11:39,060 START writer_pipeline user=alice
2025-09-23 08:11:39,060 AUDITLOG_HASH 5774ec3e3b148b27f1f2df6ae42ad5d42594a3c019a4adab9a638dd7c245985f
2025-09-23 08:11:39,060 KEYSTORE_HASH a1d56a72b1585cc1416e02ad4f3689bcc4142e1581ed71c0b4ecb9bd019dad5c
2025-09-23 08:11:39,060 Ingest: Received data of length 175
2025-09-23 08:11:39,061 INGEST user=alice datalen=175
2025-09-23 08:11:39,061 Chunked into 1 chunks of size 512
2025-09-23 08:11:39,061 CHUNK user=alice chunks=1 size=512
2025-09-23 08:11:39,061 ECC encode: Simulated LDPC + RS encoding
2025-09-23 08:11:39,061 ECC user=alice
2025-09-23 08:11:39,061 Symbol mapping: Mapped chunks to (θ, δ) symbols
2025-09-23 08:11:39,061 SYMBOL_MAP user=alice
2025-09-23 08:11:39,061 3D path planning: Planned voxel paths
2025-09-23 08:11:39,061 PATH_PLAN user=alice
2025-09-23 08:11:39,061 Laser control: Simulated femtosecond laser writing
2025-09-23 08:11:39,061 LASER_WRITE user=alice
2025-09-23 08:11:39,061 Inline verify: SHA-256 hashes computed for chunks: ['298dfd85df8835ac8023b17e5e18a85a3ed7c412f78ba004b44e434057b101d9']
2025-09-23 08:11:39,062 VERIFY user=alice hashes=['298dfd85df8835ac8023b17e5e18a85a3ed7c412f78ba004b44e434057b101d9']
2025-09-23 08:11:39,065 Catalog & sign: Entry signed with Ed25519 (simulated if unavailable). Signature: b9e2e173b8450c3a9b0bafbbc43ce1c11b4abbe8265d54688d683dfad185844bba5352d8d1d678dbc07bed01ccd26cd29276ba95feef8dee80160b9e5db0cb06
2025-09-23 08:11:39,065 CATALOG_SIGN user=alice signature=b9e2e173b8450c3a9b0bafbbc43ce1c11b4abbe8265d54688d683dfad185844bba5352d8d1d678dbc07bed01ccd26cd29276ba95feef8dee80160b9e5db0cb06
2025-09-23 08:11:39,065 Writer pipeline completed
2025-09-23 08:11:39,066 END writer_pipeline user=alice
2025-09-23 08:11:39,066 ALLOW user=alice role=reader
2025-09-23 08:11:39,066 Access granted for role: reader
2025-09-23 08:11:39,066 ALLOW role=reader
2025-09-23 08:11:39,066 Reader pipeline started
2025-09-23 08:11:39,066 START reader_pipeline user=alice
2025-09-23 08:11:39,066 AUDITLOG_HASH a518cdfa221a622b2e46fbe88bf4f0c52d0fcc982a2bfcebe50cd563d7a8c3d8
2025-09-23 08:11:39,066 KEYSTORE_HASH a1d56a72b1585cc1416e02ad4f3689bcc4142e1581ed71c0b4ecb9bd019dad5c
2025-09-23 08:11:39,066 Scan/acquire: Simulated sensor data of length 175
2025-09-23 08:11:39,066 SCAN user=alice datalen=175
2025-09-23 08:11:39,067 Voxel reconstruction: Extracted (θ, δ) parameters
2025-09-23 08:11:39,067 VOXEL_RECON user=alice
2025-09-23 08:11:39,067 Demodulate: Converted symbols to digital data
2025-09-23 08:11:39,067 DEMODULATE user=alice
2025-09-23 08:11:39,067 ECC decode: Simulated error correction
2025-09-23 08:11:39,067 ECC user=alice
2025-09-23 08:11:39,067 Verify: SHA-256 hash of data: 298dfd85df8835ac8023b17e5e18a85a3ed7c412f78ba004b44e434057b101d9
2025-09-23 08:11:39,067 Verify: Ed25519 signature (simulated if unavailable): 150e7c9836b81f08d640063043a097d46969ca0f3495e6074e36016542f136210d06239eb052a2d8c1aa59f2c2af3f2c431720623dbb554eeb8fed0a84417409
2025-09-23 08:11:39,067 VERIFY user=alice hash=298dfd85df8835ac8023b17e5e18a85a3ed7c412f78ba004b44e434057b101d9 signature=150e7c9836b81f08d640063043a097d46969ca0f3495e6074e36016542f136210d06239eb052a2d8c1aa59f2c2af3f2c431720623dbb554eeb8fed0a84417409
2025-09-23 08:11:39,067 Export & mount: Data exported and mounted
2025-09-23 08:11:39,067 EXPORT user=alice
2025-09-23 08:11:39,068 Reader pipeline completed
2025-09-23 08:11:39,068 END reader_pipeline user=alice
2025-09-23 08:11:39,068 Simulation complete.
2025-09-23 08:11:39,068 SIMULATION_COMPLETE user=alice
2025-09-23 08:15:14,940 Loaded data file: sample_data.txt (175 bytes)
2025-09-23 08:15:14,942 Failed to load policy file: while scanning a simple key
  in "sample_policy.yaml", line 19, column 1
could not find expected ':'
  in "sample_policy.yaml", line 20, column 1
2025-09-23 08:15:15,035 Loaded data file: sample_data.txt (175 bytes)
2025-09-23 08:15:15,038 Failed to load policy file: while scanning a simple key
  in "sample_policy.yaml", line 19, column 1
could not find expected ':'
  in "sample_policy.yaml", line 20, column 1
2025-09-23 08:15:15,152 Loaded data file: sample_data.txt (175 bytes)
2025-09-23 08:15:15,153 Failed to load policy file: while scanning a simple key
  in "sample_policy.yaml", line 19, column 1
could not find expected ':'
  in "sample_policy.yaml", line 20, column 1
2025-09-23 08:15:19,240 Loaded data file: sample_data.txt (175 bytes)
2025-09-23 08:15:19,241 Failed to load policy file: while scanning a simple key
  in "sample_policy.yaml", line 19, column 1
could not find expected ':'
  in "sample_policy.yaml", line 20, column 1
2025-09-23 08:15:19,339 Loaded data file: sample_data.txt (175 bytes)
2025-09-23 08:15:19,340 Failed to load policy file: while scanning a simple key
  in "sample_policy.yaml", line 19, column 1
could not find expected ':'
  in "sample_policy.yaml", line 20, column 1
2025-09-23 08:15:19,426 Loaded data file: sample_data.txt (175 bytes)
2025-09-23 08:15:19,427 Failed to load policy file: while scanning a simple key
  in "sample_policy.yaml", line 19, column 1
could not find expected ':'
  in "sample_policy.yaml", line 20, column 1
2025-09-23 08:15:23,513 Loaded data file: sample_data.txt (175 bytes)
2025-09-23 08:15:23,515 Failed to load policy file: while scanning a simple key
  in "sample_policy.yaml", line 19, column 1
could not find expected ':'
  in "sample_policy.yaml", line 20, column 1
2025-09-23 08:15:23,707 Loaded data file: sample_data.txt (175 bytes)
2025-09-23 08:15:23,709 Failed to load policy file: while scanning a simple key
  in "sample_policy.yaml", line 19, column 1
could not find expected ':'
  in "sample_policy.yaml", line 20, column 1
2025-09-23 08:15:27,795 Loaded data file: sample_data.txt (339 bytes)
2025-09-23 08:15:27,796 Failed to load policy file: while scanning a simple key
  in "sample_policy.yaml", line 19, column 1
could not find expected ':'
  in "sample_policy.yaml", line 20, column 1
2025-09-23 08:15:28,017 Loaded data file: sample_data.txt (339 bytes)
2025-09-23 08:15:28,018 Failed to load policy file: while scanning a simple key
  in "sample_policy.yaml", line 19, column 1
could not find expected ':'
  in "sample_policy.yaml", line 20, column 1
2025-09-23 08:15:32,119 Loaded data file: sample_data.txt (339 bytes)
2025-09-23 08:15:32,120 Failed to load policy file: while scanning a simple key
  in "sample_policy.yaml", line 19, column 1
could not find expected ':'
  in "sample_policy.yaml", line 21, column 1
2025-09-23 08:20:50,645 Loaded data file: sample_data.txt (339 bytes)
2025-09-23 08:20:50,647 Failed to load policy file: while scanning a simple key
  in "sample_policy.yaml", line 19, column 1
could not find expected ':'
  in "sample_policy.yaml", line 21, column 1
2025-09-23 08:20:50,840 Loaded data file: sample_data.txt (339 bytes)
2025-09-23 08:20:50,843 Failed to load policy file: while scanning a simple key
  in "sample_policy.yaml", line 19, column 1
could not find expected ':'
  in "sample_policy.yaml", line 21, column 1
2025-09-23 08:20:51,060 Loaded data file: sample_data.txt (339 bytes)
2025-09-23 08:20:51,061 Failed to load policy file: while scanning a simple key
  in "sample_policy.yaml", line 19, column 1
could not find expected ':'
  in "sample_policy.yaml", line 21, column 1
2025-09-23 08:20:55,255 Loaded data file: sample_data.txt (339 bytes)
2025-09-23 08:20:55,256 Failed to load policy file: while scanning a simple key
  in "sample_policy.yaml", line 19, column 1
could not find expected ':'
  in "sample_policy.yaml", line 21, column 1
2025-09-23 08:20:55,444 Loaded data file: sample_data.txt (339 bytes)
2025-09-23 08:20:55,445 Failed to load policy file: while scanning a simple key
  in "sample_policy.yaml", line 19, column 1
could not find expected ':'
  in "sample_policy.yaml", line 21, column 1
2025-09-23 08:20:55,664 Loaded data file: sample_data.txt (339 bytes)
2025-09-23 08:20:55,666 Failed to load policy file: while scanning a simple key
  in "sample_policy.yaml", line 19, column 1
could not find expected ':'
  in "sample_policy.yaml", line 21, column 1
2025-09-23 08:20:59,885 Loaded data file: sample_data.txt (339 bytes)
2025-09-23 08:20:59,886 Failed to load policy file: while scanning a simple key
  in "sample_policy.yaml", line 19, column 1
could not find expected ':'
  in "sample_policy.yaml", line 21, column 1
2025-09-23 08:21:00,278 Loaded data file: sample_data.txt (339 bytes)
2025-09-23 08:21:00,281 Failed to load policy file: while scanning a simple key
  in "sample_policy.yaml", line 19, column 1
could not find expected ':'
  in "sample_policy.yaml", line 21, column 1
2025-09-23 08:21:04,475 Loaded data file: sample_data.txt (503 bytes)
2025-09-23 08:21:04,476 Failed to load policy file: while scanning a simple key
  in "sample_policy.yaml", line 19, column 1
could not find expected ':'
  in "sample_policy.yaml", line 21, column 1
2025-09-23 08:21:04,897 Loaded data file: sample_data.txt (503 bytes)
2025-09-23 08:21:04,899 Failed to load policy file: while scanning a simple key
  in "sample_policy.yaml", line 19, column 1
could not find expected ':'
  in "sample_policy.yaml", line 21, column 1
2025-09-23 08:21:09,087 Loaded data file: sample_data.txt (503 bytes)
2025-09-23 08:21:09,089 Failed to load policy file: while scanning a simple key
  in "sample_policy.yaml", line 19, column 1
could not find expected ':'
  in "sample_policy.yaml", line 21, column 1
2025-09-24 07:22:26,288 Loaded data file: sample_data.txt (339 bytes)
2025-09-24 07:22:26,291 Failed to load policy file: while scanning a simple key
  in "sample_policy.yaml", line 19, column 1
could not find expected ':'
  in "sample_policy.yaml", line 21, column 1
2025-09-24 07:22:26,487 Loaded data file: sample_data.txt (339 bytes)
2025-09-24 07:22:26,489 Failed to load policy file: while scanning a simple key
  in "sample_policy.yaml", line 19, column 1
could not find expected ':'
  in "sample_policy.yaml", line 21, column 1
2025-09-24 07:22:26,682 Loaded data file: sample_data.txt (339 bytes)
2025-09-24 07:22:26,684 Failed to load policy file: while scanning a simple key
  in "sample_policy.yaml", line 19, column 1
could not find expected ':'
  in "sample_policy.yaml", line 21, column 1
2025-09-24 07:22:30,865 Loaded data file: sample_data.txt (339 bytes)
2025-09-24 07:22:30,866 Failed to load policy file: while scanning a simple key
  in "sample_policy.yaml", line 19, column 1
could not find expected ':'
  in "sample_policy.yaml", line 21, column 1
2025-09-24 07:22:31,075 Loaded data file: sample_data.txt (339 bytes)
2025-09-24 07:22:31,077 Failed to load policy file: while scanning a simple key
  in "sample_policy.yaml", line 19, column 1
could not find expected ':'
  in "sample_policy.yaml", line 21, column 1
2025-09-24 07:22:31,352 Loaded data file: sample_data.txt (339 bytes)
2025-09-24 07:22:31,354 Failed to load policy file: while scanning a simple key
  in "sample_policy.yaml", line 19, column 1
could not find expected ':'
  in "sample_policy.yaml", line 21, column 1
2025-09-24 07:22:35,543 Loaded data file: sample_data.txt (339 bytes)
2025-09-24 07:22:35,545 Failed to load policy file: while scanning a simple key
  in "sample_policy.yaml", line 19, column 1
could not find expected ':'
  in "sample_policy.yaml", line 21, column 1
2025-09-24 07:22:35,928 Loaded data file: sample_data.txt (339 bytes)
2025-09-24 07:22:35,929 Failed to load policy file: while scanning a simple key
  in "sample_policy.yaml", line 19, column 1
could not find expected ':'
  in "sample_policy.yaml", line 21, column 1
2025-09-24 07:22:40,130 Loaded data file: sample_data.txt (503 bytes)
2025-09-24 07:22:40,131 Failed to load policy file: while scanning a simple key
  in "sample_policy.yaml", line 19, column 1
could not find expected ':'
  in "sample_policy.yaml", line 21, column 1
2025-09-24 07:22:40,525 Loaded data file: sample_data.txt (503 bytes)
2025-09-24 07:22:40,526 Failed to load policy file: while scanning a simple key
  in "sample_policy.yaml", line 19, column 1
could not find expected ':'
  in "sample_policy.yaml", line 21, column 1
2025-09-24 07:22:44,720 Loaded data file: sample_data.txt (503 bytes)
2025-09-24 07:22:44,722 Failed to load policy file: while scanning a simple key
  in "sample_policy.yaml", line 19, column 1
could not find expected ':'
  in "sample_policy.yaml", line 21, column 1
2025-09-24 07:25:12,641 Loaded data file: sample_data.txt (503 bytes)
2025-09-24 07:25:12,642 Failed to load policy file: while scanning a simple key
  in "sample_policy.yaml", line 19, column 1
could not find expected ':'
  in "sample_policy.yaml", line 21, column 1
2025-09-24 07:25:12,854 Loaded data file: sample_data.txt (503 bytes)
2025-09-24 07:25:12,856 Failed to load policy file: while scanning a simple key
  in "sample_policy.yaml", line 19, column 1
could not find expected ':'
  in "sample_policy.yaml", line 21, column 1
2025-09-24 07:25:13,055 Loaded data file: sample_data.txt (503 bytes)
2025-09-24 07:25:13,057 Failed to load policy file: while scanning a simple key
  in "sample_policy.yaml", line 19, column 1
could not find expected ':'
  in "sample_policy.yaml", line 21, column 1
2025-09-24 07:25:17,306 Loaded data file: sample_data.txt (503 bytes)
2025-09-24 07:25:17,308 Failed to load policy file: while scanning a simple key
  in "sample_policy.yaml", line 19, column 1
could not find expected ':'
  in "sample_policy.yaml", line 21, column 1
2025-09-24 07:25:17,505 Loaded data file: sample_data.txt (503 bytes)
2025-09-24 07:25:17,507 Failed to load policy file: while scanning a simple key
  in "sample_policy.yaml", line 19, column 1
could not find expected ':'
  in "sample_policy.yaml", line 21, column 1
2025-09-24 07:25:17,746 Loaded data file: sample_data.txt (503 bytes)
2025-09-24 07:25:17,749 Failed to load policy file: while scanning a simple key
  in "sample_policy.yaml", line 19, column 1
could not find expected ':'
  in "sample_policy.yaml", line 21, column 1
2025-09-24 07:25:22,027 Loaded data file: sample_data.txt (503 bytes)
2025-09-24 07:25:22,030 Failed to load policy file: while scanning a simple key
  in "sample_policy.yaml", line 19, column 1
could not find expected ':'
  in "sample_policy.yaml", line 21, column 1
2025-09-24 07:25:22,779 Loaded data file: sample_data.txt (503 bytes)
2025-09-24 07:25:22,782 Failed to load policy file: while scanning a simple key
  in "sample_policy.yaml", line 19, column 1
could not find expected ':'
  in "sample_policy.yaml", line 21, column 1
2025-09-24 07:25:26,978 Loaded data file: sample_data.txt (667 bytes)
2025-09-24 07:25:26,980 Failed to load policy file: while scanning a simple key
  in "sample_policy.yaml", line 19, column 1
could not find expected ':'
  in "sample_policy.yaml", line 21, column 1
2025-09-24 07:25:27,424 Loaded data file: sample_data.txt (667 bytes)
2025-09-24 07:25:27,427 Failed to load policy file: while scanning a simple key
  in "sample_policy.yaml", line 19, column 1
could not find expected ':'
  in "sample_policy.yaml", line 21, column 1
2025-09-24 07:25:31,635 Loaded data file: sample_data.txt (667 bytes)
2025-09-24 07:25:31,637 Failed to load policy file: while scanning a simple key
  in "sample_policy.yaml", line 19, column 1
could not find expected ':'
  in "sample_policy.yaml", line 21, column 1
2025-09-24 07:25:31,841 Loaded data file: sample_data.txt (678 bytes)
2025-09-24 07:25:31,842 Failed to load policy file: while scanning a simple key
  in "sample_policy.yaml", line 19, column 1
could not find expected ':'
  in "sample_policy.yaml", line 21, column 1
2025-09-24 07:25:32,045 Loaded data file: sample_data.txt (667 bytes)
2025-09-24 07:25:32,046 Failed to load policy file: while scanning a simple key
  in "sample_policy.yaml", line 19, column 1
could not find expected ':'
  in "sample_policy.yaml", line 21, column 1
2025-09-24 07:25:32,262 Loaded data file: sample_data.txt (667 bytes)
2025-09-24 07:25:32,265 Failed to load policy file: while scanning a simple key
  in "sample_policy.yaml", line 19, column 1
could not find expected ':'
  in "sample_policy.yaml", line 21, column 1
2025-09-24 07:25:32,498 Loaded data file: sample_data.txt (667 bytes)
2025-09-24 07:25:32,499 Failed to load policy file: while scanning a simple key
  in "sample_policy.yaml", line 19, column 1
could not find expected ':'
  in "sample_policy.yaml", line 21, column 1
2025-09-24 07:29:34,210 Loaded data file: sample_data.txt (678 bytes)
2025-09-24 07:29:34,211 Failed to load policy file: while scanning a simple key
  in "sample_policy.yaml", line 19, column 1
could not find expected ':'
  in "sample_policy.yaml", line 21, column 1
2025-09-24 07:42:43,782 Loaded data file: sample_data.txt (678 bytes)
2025-09-24 07:42:43,784 Failed to load policy file: while scanning a simple key
  in "sample_policy.yaml", line 19, column 1
could not find expected ':'
  in "sample_policy.yaml", line 21, column 1
2025-09-24 07:43:53,709 Loaded data file: sample_data.txt (678 bytes)
2025-09-24 07:43:53,711 Failed to load policy file: while scanning a simple key
  in "sample_policy.yaml", line 19, column 1
could not find expected ':'
  in "sample_policy.yaml", line 21, column 1
2025-09-24 07:45:32,503 Loaded data file: sample_data.txt (678 bytes)
2025-09-24 07:45:32,505 Failed to load policy file: while scanning a simple key
  in "sample_policy.yaml", line 19, column 1
could not find expected ':'
  in "sample_policy.yaml", line 21, column 1
2025-09-24 07:46:42,718 Loaded data file: sample_data.txt (678 bytes)
2025-09-24 07:46:42,720 Failed to load policy file: while scanning a simple key
  in "sample_policy.yaml", line 19, column 1
could not find expected ':'
  in "sample_policy.yaml", line 21, column 1
2025-09-24 07:49:33,977 Loaded data file: sample_data.txt (691 bytes)
2025-09-24 07:49:33,979 Failed to load policy file: while scanning a simple key
  in "sample_policy.yaml", line 19, column 1
could not find expected ':'
  in "sample_policy.yaml", line 21, column 1
2025-09-24 07:50:23,677 Loaded data file: sample_data.txt (678 bytes)
2025-09-24 07:50:23,678 Failed to load policy file: while scanning a simple key
  in "sample_policy.yaml", line 19, column 1
could not find expected ':'
  in "sample_policy.yaml", line 21, column 1
2025-09-24 07:56:28,090 Loaded data file: sample_data.txt (678 bytes)
2025-09-24 07:56:28,092 Failed to load policy file: while scanning a simple key
  in "sample_policy.yaml", line 19, column 1
could not find expected ':'
  in "sample_policy.yaml", line 21, column 1
2025-09-24 07:56:56,548 Loaded data file: sample_data.txt (678 bytes)
2025-09-24 07:56:56,551 Failed to load policy file: while scanning a simple key
  in "sample_policy.yaml", line 19, column 1
could not find expected ':'
  in "sample_policy.yaml", line 21, column 1
2025-09-24 10:46:53,663 Loaded data file: sample_data.txt (678 bytes)
2025-09-24 10:46:53,665 Failed to load policy file: while scanning a simple key
  in "sample_policy.yaml", line 19, column 1
could not find expected ':'
  in "sample_policy.yaml", line 21, column 1
2025-11-19 17:19:46,719 Loaded data file: sample_data.txt (678 bytes)
2025-11-19 17:19:46,721 Failed to load policy file: while scanning a simple key
  in "sample_policy.yaml", line 19, column 1
could not find expected ':'
  in "sample_policy.yaml", line 21, column 1
2025-11-19 17:19:46,914 Loaded data file: sample_data.txt (678 bytes)
2025-11-19 17:19:46,915 Failed to load policy file: while scanning a simple key
  in "sample_policy.yaml", line 19, column 1
could not find expected ':'
  in "sample_policy.yaml", line 21, column 1
2025-11-19 17:19:47,138 Loaded data file: sample_data.txt (678 bytes)
2025-11-19 17:19:47,140 Failed to load policy file: while scanning a simple key
  in "sample_policy.yaml", line 19, column 1
could not find expected ':'
  in "sample_policy.yaml", line 21, column 1
2025-11-19 17:19:51,327 Loaded data file: sample_data.txt (678 bytes)
2025-11-19 17:19:51,329 Failed to load policy file: while scanning a simple key
  in "sample_policy.yaml", line 19, column 1
could not find expected ':'
  in "sample_policy.yaml", line 21, column 1
2025-11-19 17:19:51,543 Loaded data file: sample_data.txt (678 bytes)
2025-11-19 17:19:51,545 Failed to load policy file: while scanning a simple key
  in "sample_policy.yaml", line 19, column 1
could not find expected ':'
  in "sample_policy.yaml", line 21, column 1
2025-11-19 17:19:51,722 Loaded data file: sample_data.txt (678 bytes)
2025-11-19 17:19:51,724 Failed to load policy file: while scanning a simple key
  in "sample_policy.yaml", line 19, column 1
could not find expected ':'
  in "sample_policy.yaml", line 21, column 1
2025-11-19 17:19:55,890 Loaded data file: sample_data.txt (678 bytes)
2025-11-19 17:19:55,892 Failed to load policy file: while scanning a simple key
  in "sample_policy.yaml", line 19, column 1
could not find expected ':'
  in "sample_policy.yaml", line 21, column 1
2025-11-19 17:19:56,292 Loaded data file: sample_data.txt (678 bytes)
2025-11-19 17:19:56,294 Failed to load policy file: while scanning a simple key
  in "sample_policy.yaml", line 19, column 1
could not find expected ':'
  in "sample_policy.yaml", line 21, column 1
2025-11-19 17:20:00,469 Loaded data file: sample_data.txt (842 bytes)
2025-11-19 17:20:00,470 Failed to load policy file: while scanning a simple key
  in "sample_policy.yaml", line 19, column 1
could not find expected ':'
  in "sample_policy.yaml", line 21, column 1
2025-11-19 17:20:00,870 Loaded data file: sample_data.txt (842 bytes)
2025-11-19 17:20:00,872 Failed to load policy file: while scanning a simple key
  in "sample_policy.yaml", line 19, column 1
could not find expected ':'
  in "sample_policy.yaml", line 21, column 1
2025-11-19 17:20:05,035 Loaded data file: sample_data.txt (842 bytes)
2025-11-19 17:20:05,037 Failed to load policy file: while scanning a simple key
  in "sample_policy.yaml", line 19, column 1
could not find expected ':'
  in "sample_policy.yaml", line 21, column 1
2025-11-19 17:20:05,219 Loaded data file: sample_data.txt (853 bytes)
2025-11-19 17:20:05,221 Failed to load policy file: while scanning a simple key
  in "sample_policy.yaml", line 19, column 1
could not find expected ':'
  in "sample_policy.yaml", line 21, column 1
2025-11-19 17:20:05,403 Loaded data file: sample_data.txt (842 bytes)
2025-11-19 17:20:05,405 Failed to load policy file: while scanning a simple key
  in "sample_policy.yaml", line 19, column 1
could not find expected ':'
  in "sample_policy.yaml", line 21, column 1
2025-11-19 17:20:05,630 Loaded data file: sample_data.txt (842 bytes)
2025-11-19 17:20:05,631 Failed to load policy file: while scanning a simple key
  in "sample_policy.yaml", line 19, column 1
could not find expected ':'
  in "sample_policy.yaml", line 21, column 1
2025-11-19 17:20:05,836 Loaded data file: sample_data.txt (842 bytes)
2025-11-19 17:20:05,840 Failed to load policy file: while scanning a simple key
  in "sample_policy.yaml", line 19, column 1
could not find expected ':'
  in "sample_policy.yaml", line 21, column 1
2025-11-19 18:22:40,197 Loaded data file: sample_data.txt (842 bytes)
2025-11-19 18:22:40,199 Failed to load policy file: while scanning a simple key
  in "sample_policy.yaml", line 19, column 1
could not find expected ':'
  in "sample_policy.yaml", line 21, column 1
2025-11-19 18:22:40,379 Loaded data file: sample_data.txt (842 bytes)
2025-11-19 18:22:40,380 Failed to load policy file: while scanning a simple key
  in "sample_policy.yaml", line 19, column 1
could not find expected ':'
  in "sample_policy.yaml", line 21, column 1
2025-11-19 18:22:40,553 Loaded data file: sample_data.txt (842 bytes)
2025-11-19 18:22:40,555 Failed to load policy file: while scanning a simple key
  in "sample_policy.yaml", line 19, column 1
could not find expected ':'
  in "sample_policy.yaml", line 21, column 1
2025-11-19 18:22:44,736 Loaded data file: sample_data.txt (842 bytes)
2025-11-19 18:22:44,738 Failed to load policy file: while scanning a simple key
  in "sample_policy.yaml", line 19, column 1
could not find expected ':'
  in "sample_policy.yaml", line 21, column 1
2025-11-19 18:22:45,016 Loaded data file: sample_data.txt (842 bytes)
2025-11-19 18:22:45,018 Failed to load policy file: while scanning a simple key
  in "sample_policy.yaml", line 19, column 1
could not find expected ':'
  in "sample_policy.yaml", line 21, column 1
2025-11-19 18:22:45,253 Loaded data file: sample_data.txt (842 bytes)
2025-11-19 18:22:45,256 Failed to load policy file: while scanning a simple key
  in "sample_policy.yaml", line 19, column 1
could not find expected ':'
  in "sample_policy.yaml", line 21, column 1
2025-11-19 18:22:49,443 Loaded data file: sample_data.txt (842 bytes)
2025-11-19 18:22:49,445 Failed to load policy file: while scanning a simple key
  in "sample_policy.yaml", line 19, column 1
could not find expected ':'
  in "sample_policy.yaml", line 21, column 1
2025-11-19 18:22:49,775 Loaded data file: sample_data.txt (842 bytes)
2025-11-19 18:22:49,777 Failed to load policy file: while scanning a simple key
  in "sample_policy.yaml", line 19, column 1
could not find expected ':'
  in "sample_policy.yaml", line 21, column 1
2025-11-19 18:22:53,958 Loaded data file: sample_data.txt (1006 bytes)
2025-11-19 18:22:53,960 Failed to load policy file: while scanning a simple key
  in "sample_policy.yaml", line 19, column 1
could not find expected ':'
  in "sample_policy.yaml", line 21, column 1
2025-11-19 18:22:54,319 Loaded data file: sample_data.txt (1006 bytes)
2025-11-19 18:22:54,321 Failed to load policy file: while scanning a simple key
  in "sample_policy.yaml", line 19, column 1
could not find expected ':'
  in "sample_policy.yaml", line 21, column 1
2025-11-19 18:22:58,523 Loaded data file: sample_data.txt (1006 bytes)
2025-11-19 18:22:58,525 Failed to load policy file: while scanning a simple key
  in "sample_policy.yaml", line 19, column 1
could not find expected ':'
  in "sample_policy.yaml", line 21, column 1
2025-11-19 18:22:58,700 Loaded data file: sample_data.txt (1017 bytes)
2025-11-19 18:22:58,701 Failed to load policy file: while scanning a simple key
  in "sample_policy.yaml", line 19, column 1
could not find expected ':'
  in "sample_policy.yaml", line 21, column 1
2025-11-19 18:22:58,874 Loaded data file: sample_data.txt (1006 bytes)
2025-11-19 18:22:58,875 Failed to load policy file: while scanning a simple key
  in "sample_policy.yaml", line 19, column 1
could not find expected ':'
  in "sample_policy.yaml", line 21, column 1
2025-11-19 18:22:59,053 Loaded data file: sample_data.txt (1006 bytes)
2025-11-19 18:22:59,054 Failed to load policy file: while scanning a simple key
  in "sample_policy.yaml", line 19, column 1
could not find expected ':'
  in "sample_policy.yaml", line 21, column 1
2025-11-19 18:22:59,236 Loaded data file: sample_data.txt (1006 bytes)
2025-11-19 18:22:59,238 Failed to load policy file: while scanning a simple key
  in "sample_policy.yaml", line 19, column 1
could not find expected ':'
  in "sample_policy.yaml", line 21, column 1
2025-11-21 07:59:18,599 Loaded data file: sample_data.txt (1006 bytes)
2025-11-21 07:59:18,647 Failed to load policy file: while scanning a simple key
  in "sample_policy.yaml", line 19, column 1
could not find expected ':'
  in "sample_policy.yaml", line 21, column 1
2025-11-21 07:59:18,827 Loaded data file: sample_data.txt (1006 bytes)
2025-11-21 07:59:18,829 Failed to load policy file: while scanning a simple key
  in "sample_policy.yaml", line 19, column 1
could not find expected ':'
  in "sample_policy.yaml", line 21, column 1
2025-11-21 07:59:19,002 Loaded data file: sample_data.txt (1006 bytes)
2025-11-21 07:59:19,003 Failed to load policy file: while scanning a simple key
  in "sample_policy.yaml", line 19, column 1
could not find expected ':'
  in "sample_policy.yaml", line 21, column 1
2025-11-21 07:59:23,168 Loaded data file: sample_data.txt (1006 bytes)
2025-11-21 07:59:23,169 Failed to load policy file: while scanning a simple key
  in "sample_policy.yaml", line 19, column 1
could not find expected ':'
  in "sample_policy.yaml", line 21, column 1
2025-11-21 07:59:23,358 Loaded data file: sample_data.txt (1006 bytes)
2025-11-21 07:59:23,361 Failed to load policy file: while scanning a simple key
  in "sample_policy.yaml", line 19, column 1
could not find expected ':'
  in "sample_policy.yaml", line 21, column 1
2025-11-21 07:59:23,540 Loaded data file: sample_data.txt (1006 bytes)
2025-11-21 07:59:23,542 Failed to load policy file: while scanning a simple key
  in "sample_policy.yaml", line 19, column 1
could not find expected ':'
  in "sample_policy.yaml", line 21, column 1
2025-11-21 07:59:27,708 Loaded data file: sample_data.txt (1006 bytes)
2025-11-21 07:59:27,710 Failed to load policy file: while scanning a simple key
  in "sample_policy.yaml", line 19, column 1
could not find expected ':'
  in "sample_policy.yaml", line 21, column 1
2025-11-21 07:59:28,070 Loaded data file: sample_data.txt (1006 bytes)
2025-11-21 07:59:28,072 Failed to load policy file: while scanning a simple key
  in "sample_policy.yaml", line 19, column 1
could not find expected ':'
  in "sample_policy.yaml", line 21, column 1
2025-11-21 07:59:32,268 Loaded data file: sample_data.txt (1170 bytes)
2025-11-21 07:59:32,270 Failed to load policy file: while scanning a simple key
  in "sample_policy.yaml", line 19, column 1
could not find expected ':'
  in "sample_policy.yaml", line 21, column 1
2025-11-21 07:59:32,668 Loaded data file: sample_data.txt (1170 bytes)
2025-11-21 07:59:32,669 Failed to load policy file: while scanning a simple key
  in "sample_policy.yaml", line 19, column 1
could not find expected ':'
  in "sample_policy.yaml", line 21, column 1
2025-11-21 07:59:36,835 Loaded data file: sample_data.txt (1170 bytes)
2025-11-21 07:59:36,836 Failed to load policy file: while scanning a simple key
  in "sample_policy.yaml", line 19, column 1
could not find expected ':'
  in "sample_policy.yaml", line 21, column 1
2025-11-21 07:59:37,024 Loaded data file: sample_data.txt (1181 bytes)
2025-11-21 07:59:37,027 Failed to load policy file: while scanning a simple key
  in "sample_policy.yaml", line 19, column 1
could not find expected ':'
  in "sample_policy.yaml", line 21, column 1
2025-11-21 07:59:37,274 Loaded data file: sample_data.txt (1170 bytes)
2025-11-21 07:59:37,277 Failed to load policy file: while scanning a simple key
  in "sample_policy.yaml", line 19, column 1
could not find expected ':'
  in "sample_policy.yaml", line 21, column 1
2025-11-21 07:59:37,565 Loaded data file: sample_data.txt (1170 bytes)
2025-11-21 07:59:37,567 Failed to load policy file: while scanning a simple key
  in "sample_policy.yaml", line 19, column 1
could not find expected ':'
  in "sample_policy.yaml", line 21, column 1
2025-11-21 07:59:37,763 Loaded data file: sample_data.txt (1170 bytes)
2025-11-21 07:59:37,764 Failed to load policy file: while scanning a simple key
  in "sample_policy.yaml", line 19, column 1
could not find expected ':'
  in "sample_policy.yaml", line 21, column 1
